C51 COMPILER V9.59.0.0   MAZESOLVER                                                        09/12/2018 07:17:03 PAGE 1   


C51 COMPILER V9.59.0.0, COMPILATION OF MODULE MAZESOLVER
OBJECT MODULE PLACED IN .\Listings\MAZESOLVER.obj
COMPILER INVOKED BY: C:\Keil_v5\C51\BIN\C51.EXE MAZESOLVER.C OPTIMIZE(8,SPEED) BROWSE DEBUG OBJECTEXTEND PRINT(.\Listing
                    -s\MAZESOLVER.lst) TABS(2) OBJECT(.\Listings\MAZESOLVER.obj)

line level    source

   1          #include<stdio.h>
   2          #include<reg52.h>
   3          #define PORT P2 0xff
   4          #define st 0x0a;
   5          #define lt 0x06;
   6          #define rt 0x09;
   7          #define stop 0x00;
   8          unsigned int a,i,j;
   9          void delay(unsigned int t)
  10          {
  11   1      for(i=0;i<t;i++)
  12   1      for(j=0;j<1275;j++);
  13   1      
  14   1      }
  15          void main()
  16          {
  17   1      while(1)
  18   1      {
  19   2      a=P&0x07;
  20   2      if(a==0x03)
  21   2      {
  22   3        delay(20);
  23   3        P2=lt;
  24   3      }
  25   2      else if((a==0x05)||(a==0x01))
  26   2      {
  27   3        P2=st;
  28   3      }
  29   2      else if ((a==0x02)||(a==0x06)||(a==0x04)||(a==0x07))
  30   2      {
  31   3        P2=rt;
  32   3        delay(10);
  33   3      }
  34   2      else
  35   2      {
  36   3        delay(30);
  37   3        P2=stop;
  38   3      }
  39   2      }
  40   1      }


MODULE INFORMATION:   STATIC OVERLAYABLE
   CODE SIZE        =    151    ----
   CONSTANT SIZE    =   ----    ----
   XDATA SIZE       =   ----    ----
   PDATA SIZE       =   ----    ----
   DATA SIZE        =      6    ----
   IDATA SIZE       =   ----    ----
   BIT SIZE         =   ----    ----
END OF MODULE INFORMATION.


C51 COMPILATION COMPLETE.  0 WARNING(S),  0 ERROR(S)
